Psuplays/app/build/intermediates/manifest_merge_blame_file/release/manifest-merger-blame-release-report.txt
1<?xml version="1.0" encoding="utf-8"?>
2<manifest xmlns:android="http://schemas.android.com/apk/res/android"
3    package="com.example.psuplays"
4    android:versionCode="1"
5    android:versionName="1.0" >
6
7    <uses-sdk
8        android:minSdkVersion="27"
8-->src/main/AndroidManifest.xml
9        android:targetSdkVersion="28" />
9-->src/main/AndroidManifest.xml
10
11    <uses-feature
11-->src/main/AndroidManifest.xml:6:5-8:35
12        android:name="android.hardware.camera"
12-->src/main/AndroidManifest.xml:7:9-47
13        android:required="true" />
13-->src/main/AndroidManifest.xml:8:9-32
14    <uses-feature
14-->src/main/AndroidManifest.xml:9:5-11:36
15        android:name="android.hardware.camera.autofocus"
15-->src/main/AndroidManifest.xml:10:9-57
16        android:required="false" />
16-->src/main/AndroidManifest.xml:11:9-33
17
18    <supports-screens
18-->src/main/AndroidManifest.xml:13:5-17:40
19        android:largeScreens="true"
19-->src/main/AndroidManifest.xml:14:9-36
20        android:normalScreens="true"
20-->src/main/AndroidManifest.xml:15:9-37
21        android:smallScreens="true"
21-->src/main/AndroidManifest.xml:16:9-36
22        android:xlargeScreens="true" />
22-->src/main/AndroidManifest.xml:17:9-37
23
24    <uses-permission android:name="android.permission.INTERNET" />
24-->src/main/AndroidManifest.xml:19:5-67
24-->src/main/AndroidManifest.xml:19:22-64
25    <uses-permission android:name="android.permission.WRITE_EXTERNAL_STORAGE" />
25-->src/main/AndroidManifest.xml:20:5-81
25-->src/main/AndroidManifest.xml:20:22-78
26    <uses-permission android:name="android.permission.RECORD_AUDIO" />
26-->src/main/AndroidManifest.xml:21:5-71
26-->src/main/AndroidManifest.xml:21:22-68
27    <uses-permission android:name="android.permission.CAMERA" />
27-->src/main/AndroidManifest.xml:22:5-65
27-->src/main/AndroidManifest.xml:22:22-62
28
29    <application
29-->src/main/AndroidManifest.xml:24:5-68:19
30        android:allowBackup="true"
30-->src/main/AndroidManifest.xml:25:9-35
31        android:appComponentFactory="androidx.core.app.CoreComponentFactory"
31-->[androidx.core:core:1.1.0] AndroidManifest.xml:24:18-86
32        android:icon="@mipmap/psu_logo_foreground"
32-->src/main/AndroidManifest.xml:26:9-51
33        android:label="@string/app_name"
33-->src/main/AndroidManifest.xml:27:9-41
34        android:supportsRtl="true"
34-->src/main/AndroidManifest.xml:28:9-35
35        android:theme="@style/AppTheme"
35-->src/main/AndroidManifest.xml:29:9-40
36        android:usesCleartextTraffic="true" >
36-->src/main/AndroidManifest.xml:30:9-44
37        <activity android:name="com.example.psuplays.TeamPage" />
37-->src/main/AndroidManifest.xml:32:9-55
37-->src/main/AndroidManifest.xml:32:19-43
38        <activity android:name="com.example.psuplays.Student_sport" />
38-->src/main/AndroidManifest.xml:33:9-51
38-->src/main/AndroidManifest.xml:33:19-48
39        <activity android:name="com.example.psuplays.UpdateLiveScore" />
39-->src/main/AndroidManifest.xml:34:9-53
39-->src/main/AndroidManifest.xml:34:19-50
40        <activity
40-->src/main/AndroidManifest.xml:35:9-37:57
41            android:name="com.example.psuplays.livevideouploader"
41-->src/main/AndroidManifest.xml:36:13-46
42            android:screenOrientation="userLandscape" />
42-->src/main/AndroidManifest.xml:37:13-54
43        <activity android:name="com.example.psuplays.admin_sport" />
43-->src/main/AndroidManifest.xml:38:9-49
43-->src/main/AndroidManifest.xml:38:19-46
44        <activity
44-->src/main/AndroidManifest.xml:39:9-41:55
45            android:name="com.example.psuplays.SettingsActivity"
45-->src/main/AndroidManifest.xml:40:13-45
46            android:label="@string/action_settings" />
46-->src/main/AndroidManifest.xml:41:13-52
47        <activity
47-->src/main/AndroidManifest.xml:42:9-46:59
48            android:name="com.example.psuplays.Admin_Dashboard"
48-->src/main/AndroidManifest.xml:43:13-44
49            android:label="@string/title_activity_admin__dasboard"
49-->src/main/AndroidManifest.xml:44:13-67
50            android:screenOrientation="portrait"
50-->src/main/AndroidManifest.xml:45:13-49
51            android:theme="@style/AppTheme.NoActionBar" />
51-->src/main/AndroidManifest.xml:46:13-56
52        <activity
52-->src/main/AndroidManifest.xml:47:9-51:59
53            android:name="com.example.psuplays.Student_Dashboard"
53-->src/main/AndroidManifest.xml:48:13-46
54            android:label="@string/title_activity_student__dasboard"
54-->src/main/AndroidManifest.xml:49:13-69
55            android:screenOrientation="portrait"
55-->src/main/AndroidManifest.xml:50:13-49
56            android:theme="@style/AppTheme.NoActionBar" />
56-->src/main/AndroidManifest.xml:51:13-56
57        <activity
57-->src/main/AndroidManifest.xml:52:9-54:52
58            android:name="com.example.psuplays.medical_info"
58-->src/main/AndroidManifest.xml:53:13-41
59            android:label="@string/medical_info" />
59-->src/main/AndroidManifest.xml:54:13-49
60        <activity
60-->src/main/AndroidManifest.xml:55:9-57:49
61            android:name="com.example.psuplays.forgotPassword"
61-->src/main/AndroidManifest.xml:56:13-43
62            android:label="@string/fgt_psswd" />
62-->src/main/AndroidManifest.xml:57:13-46
63        <activity
63-->src/main/AndroidManifest.xml:58:9-60:47
64            android:name="com.example.psuplays.signup"
64-->src/main/AndroidManifest.xml:59:13-35
65            android:label="@string/sign_up" />
65-->src/main/AndroidManifest.xml:60:13-44
66        <activity android:name="com.example.psuplays.MainActivity" >
66-->src/main/AndroidManifest.xml:61:9-67:20
66-->src/main/AndroidManifest.xml:61:19-47
67            <intent-filter>
67-->src/main/AndroidManifest.xml:62:13-66:29
68                <action android:name="android.intent.action.MAIN" />
68-->src/main/AndroidManifest.xml:63:17-69
68-->src/main/AndroidManifest.xml:63:25-66
69
70                <category android:name="android.intent.category.LAUNCHER" />
70-->src/main/AndroidManifest.xml:65:17-77
70-->src/main/AndroidManifest.xml:65:27-74
71            </intent-filter>
72        </activity>
73
74        <service
74-->[androidx.room:room-runtime:2.2.5] AndroidManifest.xml:25:9-28:40
75            android:name="androidx.room.MultiInstanceInvalidationService"
75-->[androidx.room:room-runtime:2.2.5] AndroidManifest.xml:26:13-74
76            android:directBootAware="true"
76-->[androidx.room:room-runtime:2.2.5] AndroidManifest.xml:27:13-43
77            android:exported="false" />
77-->[androidx.room:room-runtime:2.2.5] AndroidManifest.xml:28:13-37
78
79        <provider
79-->[androidx.lifecycle:lifecycle-process:2.0.0] AndroidManifest.xml:23:9-27:43
80            android:name="androidx.lifecycle.ProcessLifecycleOwnerInitializer"
80-->[androidx.lifecycle:lifecycle-process:2.0.0] AndroidManifest.xml:24:13-79
81            android:authorities="com.example.psuplays.lifecycle-process"
81-->[androidx.lifecycle:lifecycle-process:2.0.0] AndroidManifest.xml:25:13-69
82            android:exported="false"
82-->[androidx.lifecycle:lifecycle-process:2.0.0] AndroidManifest.xml:26:13-37
83            android:multiprocess="true" />
83-->[androidx.lifecycle:lifecycle-process:2.0.0] AndroidManifest.xml:27:13-40
84    </application>
85
86</manifest>